# JRE version: OpenJDK Runtime Environment (8.0_202-b03) (build 1.8.0_202-release-1483-b03)
# Java VM: OpenJDK 64-Bit Server VM (25.202-b03 mixed mode windows-amd64 compressed oops)
Heap:
 PSYoungGen      total 194560K, used 28278K [0x00000000e0000000, 0x00000000f0780000, 0x0000000100000000)
  eden space 159232K, 17% used [0x00000000e0000000,0x00000000e1b9d808,0x00000000e9b80000)
  from space 35328K, 0% used [0x00000000e9b80000,0x00000000e9b80000,0x00000000ebe00000)
  to   space 38400K, 0% used [0x00000000ee200000,0x00000000ee200000,0x00000000f0780000)
 ParOldGen       total 277504K, used 123435K [0x00000000a0000000, 0x00000000b0f00000, 0x00000000e0000000)
  object space 277504K, 44% used [0x00000000a0000000,0x00000000a788aec8,0x00000000b0f00000)
 Metaspace       used 77471K, capacity 80102K, committed 81920K, reserved 1120256K
  class space    used 10008K, capacity 10591K, committed 11008K, reserved 1048576K
GC Heap History (10 events):
Event: 5282.371 GC heap before
{Heap before GC invocations=27 (full 3):
 PSYoungGen      total 142848K, used 133607K [0x00000000e0000000, 0x00000000ec980000, 0x0000000100000000)
  eden space 107008K, 100% used [0x00000000e0000000,0x00000000e6880000,0x00000000e6880000)
  from space 35840K, 74% used [0x00000000e6880000,0x00000000e8279e78,0x00000000e8b80000)
  to   space 37888K, 0% used [0x00000000ea480000,0x00000000ea480000,0x00000000ec980000)
 ParOldGen       total 152064K, used 67899K [0x00000000a0000000, 0x00000000a9480000, 0x00000000e0000000)
  object space 152064K, 44% used [0x00000000a0000000,0x00000000a424ed18,0x00000000a9480000)
 Metaspace       used 76818K, capacity 80192K, committed 80512K, reserved 1118208K
  class space    used 10056K, capacity 10787K, committed 10880K, reserved 1048576K
Event: 5282.428 GC heap after
Heap after GC invocations=27 (full 3):
 PSYoungGen      total 168960K, used 21230K [0x00000000e0000000, 0x00000000ece00000, 0x0000000100000000)
  eden space 131072K, 0% used [0x00000000e0000000,0x00000000e0000000,0x00000000e8000000)
  from space 37888K, 56% used [0x00000000ea480000,0x00000000eb93b8f8,0x00000000ec980000)
  to   space 37376K, 0% used [0x00000000e8000000,0x00000000e8000000,0x00000000ea480000)
 ParOldGen       total 152064K, used 79264K [0x00000000a0000000, 0x00000000a9480000, 0x00000000e0000000)
  object space 152064K, 52% used [0x00000000a0000000,0x00000000a4d68238,0x00000000a9480000)
 Metaspace       used 76818K, capacity 80192K, committed 80512K, reserved 1118208K
  class space    used 10056K, capacity 10787K, committed 10880K, reserved 1048576K
}
Event: 5283.091 GC heap before
{Heap before GC invocations=28 (full 3):
 PSYoungGen      total 168960K, used 152302K [0x00000000e0000000, 0x00000000ece00000, 0x0000000100000000)
  eden space 131072K, 100% used [0x00000000e0000000,0x00000000e8000000,0x00000000e8000000)
  from space 37888K, 56% used [0x00000000ea480000,0x00000000eb93b8f8,0x00000000ec980000)
  to   space 37376K, 0% used [0x00000000e8000000,0x00000000e8000000,0x00000000ea480000)
 ParOldGen       total 152064K, used 79264K [0x00000000a0000000, 0x00000000a9480000, 0x00000000e0000000)
  object space 152064K, 52% used [0x00000000a0000000,0x00000000a4d68238,0x00000000a9480000)
 Metaspace       used 77479K, capacity 80898K, committed 81024K, reserved 1120256K
  class space    used 10123K, capacity 10852K, committed 10880K, reserved 1048576K
Event: 5283.199 GC heap after
Heap after GC invocations=28 (full 3):
 PSYoungGen      total 168448K, used 15240K [0x00000000e0000000, 0x00000000ee280000, 0x0000000100000000)
  eden space 131072K, 0% used [0x00000000e0000000,0x00000000e0000000,0x00000000e8000000)
  from space 37376K, 40% used [0x00000000e8000000,0x00000000e8ee22d0,0x00000000ea480000)
  to   space 35840K, 0% used [0x00000000ebf80000,0x00000000ebf80000,0x00000000ee280000)
 ParOldGen       total 152064K, used 94445K [0x00000000a0000000, 0x00000000a9480000, 0x00000000e0000000)
  object space 152064K, 62% used [0x00000000a0000000,0x00000000a5c3b728,0x00000000a9480000)
 Metaspace       used 77479K, capacity 80898K, committed 81024K, reserved 1120256K
  class space    used 10123K, capacity 10852K, committed 10880K, reserved 1048576K
}
Event: 5283.792 GC heap before
{Heap before GC invocations=29 (full 3):
 PSYoungGen      total 168448K, used 146312K [0x00000000e0000000, 0x00000000ee280000, 0x0000000100000000)
  eden space 131072K, 100% used [0x00000000e0000000,0x00000000e8000000,0x00000000e8000000)
  from space 37376K, 40% used [0x00000000e8000000,0x00000000e8ee22d0,0x00000000ea480000)
  to   space 35840K, 0% used [0x00000000ebf80000,0x00000000ebf80000,0x00000000ee280000)
 ParOldGen       total 152064K, used 94445K [0x00000000a0000000, 0x00000000a9480000, 0x00000000e0000000)
  object space 152064K, 62% used [0x00000000a0000000,0x00000000a5c3b728,0x00000000a9480000)
 Metaspace       used 77666K, capacity 81026K, committed 81280K, reserved 1120256K
  class space    used 10140K, capacity 10852K, committed 10880K, reserved 1048576K
Event: 5283.814 GC heap after
Heap after GC invocations=29 (full 3):
 PSYoungGen      total 193024K, used 7936K [0x00000000e0000000, 0x00000000ee080000, 0x0000000100000000)
  eden space 159232K, 0% used [0x00000000e0000000,0x00000000e0000000,0x00000000e9b80000)
  from space 33792K, 23% used [0x00000000ebf80000,0x00000000ec740080,0x00000000ee080000)
  to   space 35328K, 0% used [0x00000000e9b80000,0x00000000e9b80000,0x00000000ebe00000)
 ParOldGen       total 152064K, used 109492K [0x00000000a0000000, 0x00000000a9480000, 0x00000000e0000000)
  object space 152064K, 72% used [0x00000000a0000000,0x00000000a6aed038,0x00000000a9480000)
 Metaspace       used 77666K, capacity 81026K, committed 81280K, reserved 1120256K
  class space    used 10140K, capacity 10852K, committed 10880K, reserved 1048576K
}
Event: 5286.008 GC heap before
{Heap before GC invocations=30 (full 3):
 PSYoungGen      total 193024K, used 167168K [0x00000000e0000000, 0x00000000ee080000, 0x0000000100000000)
  eden space 159232K, 100% used [0x00000000e0000000,0x00000000e9b80000,0x00000000e9b80000)
  from space 33792K, 23% used [0x00000000ebf80000,0x00000000ec740080,0x00000000ee080000)
  to   space 35328K, 0% used [0x00000000e9b80000,0x00000000e9b80000,0x00000000ebe00000)
 ParOldGen       total 152064K, used 109600K [0x00000000a0000000, 0x00000000a9480000, 0x00000000e0000000)
  object space 152064K, 72% used [0x00000000a0000000,0x00000000a6b082f8,0x00000000a9480000)
 Metaspace       used 78353K, capacity 81772K, committed 81920K, reserved 1120256K
  class space    used 10195K, capacity 10923K, committed 11008K, reserved 1048576K
Event: 5286.137 GC heap after
Heap after GC invocations=30 (full 3):
 PSYoungGen      total 194560K, used 29819K [0x00000000e0000000, 0x00000000f0780000, 0x0000000100000000)
  eden space 159232K, 0% used [0x00000000e0000000,0x00000000e0000000,0x00000000e9b80000)
  from space 35328K, 84% used [0x00000000e9b80000,0x00000000eb89edd8,0x00000000ebe00000)
  to   space 38400K, 0% used [0x00000000ee200000,0x00000000ee200000,0x00000000f0780000)
 ParOldGen       total 152064K, used 143334K [0x00000000a0000000, 0x00000000a9480000, 0x00000000e0000000)
  object space 152064K, 94% used [0x00000000a0000000,0x00000000a8bf98a0,0x00000000a9480000)
 Metaspace       used 78353K, capacity 81772K, committed 81920K, reserved 1120256K
  class space    used 10195K, capacity 10923K, committed 11008K, reserved 1048576K
}
Event: 5286.137 GC heap before
{Heap before GC invocations=31 (full 4):
 PSYoungGen      total 194560K, used 29819K [0x00000000e0000000, 0x00000000f0780000, 0x0000000100000000)
  eden space 159232K, 0% used [0x00000000e0000000,0x00000000e0000000,0x00000000e9b80000)
  from space 35328K, 84% used [0x00000000e9b80000,0x00000000eb89edd8,0x00000000ebe00000)
  to   space 38400K, 0% used [0x00000000ee200000,0x00000000ee200000,0x00000000f0780000)
 ParOldGen       total 152064K, used 143334K [0x00000000a0000000, 0x00000000a9480000, 0x00000000e0000000)
  object space 152064K, 94% used [0x00000000a0000000,0x00000000a8bf98a0,0x00000000a9480000)
 Metaspace       used 78353K, capacity 81772K, committed 81920K, reserved 1120256K
  class space    used 10195K, capacity 10923K, committed 11008K, reserved 1048576K
Event: 5287.800 GC heap after
Heap after GC invocations=31 (full 4):
 PSYoungGen      total 194560K, used 0K [0x00000000e0000000, 0x00000000f0780000, 0x0000000100000000)
  eden space 159232K, 0% used [0x00000000e0000000,0x00000000e0000000,0x00000000e9b80000)
  from space 35328K, 0% used [0x00000000e9b80000,0x00000000e9b80000,0x00000000ebe00000)
  to   space 38400K, 0% used [0x00000000ee200000,0x00000000ee200000,0x00000000f0780000)
 ParOldGen       total 277504K, used 123435K [0x00000000a0000000, 0x00000000b0f00000, 0x00000000e0000000)
  object space 277504K, 44% used [0x00000000a0000000,0x00000000a788aec8,0x00000000b0f00000)
 Metaspace       used 77455K, capacity 80102K, committed 81920K, reserved 1120256K
  class space    used 10008K, capacity 10591K, committed 11008K, reserved 1048576K
}

