# JRE version: OpenJDK Runtime Environment (8.0_202-b03) (build 1.8.0_202-release-1483-b03)
# Java VM: OpenJDK 64-Bit Server VM (25.202-b03 mixed mode windows-amd64 compressed oops)
Heap:
 PSYoungGen      total 414720K, used 195496K [0x00000000e0000000, 0x0000000100000000, 0x0000000100000000)
  eden space 308224K, 63% used [0x00000000e0000000,0x00000000ebeea118,0x00000000f2d00000)
  from space 106496K, 0% used [0x00000000f2d00000,0x00000000f2d00000,0x00000000f9500000)
  to   space 109568K, 0% used [0x00000000f9500000,0x00000000f9500000,0x0000000100000000)
 ParOldGen       total 436224K, used 163350K [0x00000000a0000000, 0x00000000baa00000, 0x00000000e0000000)
  object space 436224K, 37% used [0x00000000a0000000,0x00000000a9f85bf0,0x00000000baa00000)
 Metaspace       used 70547K, capacity 72842K, committed 73088K, reserved 1112064K
  class space    used 8994K, capacity 9566K, committed 9600K, reserved 1048576K
GC Heap History (10 events):
Event: 111.025 GC heap before
{Heap before GC invocations=27 (full 5):
 PSYoungGen      total 368128K, used 315237K [0x00000000e0000000, 0x00000000fd300000, 0x0000000100000000)
  eden space 301056K, 100% used [0x00000000e0000000,0x00000000f2600000,0x00000000f2600000)
  from space 67072K, 21% used [0x00000000f2600000,0x00000000f33d9790,0x00000000f6780000)
  to   space 65536K, 0% used [0x00000000f9300000,0x00000000f9300000,0x00000000fd300000)
 ParOldGen       total 285696K, used 176172K [0x00000000a0000000, 0x00000000b1700000, 0x00000000e0000000)
  object space 285696K, 61% used [0x00000000a0000000,0x00000000aac0b228,0x00000000b1700000)
 Metaspace       used 70085K, capacity 72372K, committed 72576K, reserved 1112064K
  class space    used 8963K, capacity 9523K, committed 9600K, reserved 1048576K
Event: 111.151 GC heap after
Heap after GC invocations=27 (full 5):
 PSYoungGen      total 401920K, used 65344K [0x00000000e0000000, 0x00000000fef80000, 0x0000000100000000)
  eden space 336384K, 0% used [0x00000000e0000000,0x00000000e0000000,0x00000000f4880000)
  from space 65536K, 99% used [0x00000000f9300000,0x00000000fd2d0098,0x00000000fd300000)
  to   space 76288K, 0% used [0x00000000f4880000,0x00000000f4880000,0x00000000f9300000)
 ParOldGen       total 285696K, used 192556K [0x00000000a0000000, 0x00000000b1700000, 0x00000000e0000000)
  object space 285696K, 67% used [0x00000000a0000000,0x00000000abc0b238,0x00000000b1700000)
 Metaspace       used 70085K, capacity 72372K, committed 72576K, reserved 1112064K
  class space    used 8963K, capacity 9523K, committed 9600K, reserved 1048576K
}
Event: 112.926 GC heap before
{Heap before GC invocations=28 (full 5):
 PSYoungGen      total 401920K, used 401728K [0x00000000e0000000, 0x00000000fef80000, 0x0000000100000000)
  eden space 336384K, 100% used [0x00000000e0000000,0x00000000f4880000,0x00000000f4880000)
  from space 65536K, 99% used [0x00000000f9300000,0x00000000fd2d0098,0x00000000fd300000)
  to   space 76288K, 0% used [0x00000000f4880000,0x00000000f4880000,0x00000000f9300000)
 ParOldGen       total 285696K, used 192584K [0x00000000a0000000, 0x00000000b1700000, 0x00000000e0000000)
  object space 285696K, 67% used [0x00000000a0000000,0x00000000abc120e0,0x00000000b1700000)
 Metaspace       used 70120K, capacity 72372K, committed 72576K, reserved 1112064K
  class space    used 8963K, capacity 9523K, committed 9600K, reserved 1048576K
Event: 113.027 GC heap after
Heap after GC invocations=28 (full 5):
 PSYoungGen      total 412672K, used 76273K [0x00000000e0000000, 0x0000000100000000, 0x0000000100000000)
  eden space 336384K, 0% used [0x00000000e0000000,0x00000000e0000000,0x00000000f4880000)
  from space 76288K, 99% used [0x00000000f4880000,0x00000000f92fc5f8,0x00000000f9300000)
  to   space 89088K, 0% used [0x00000000fa900000,0x00000000fa900000,0x0000000100000000)
 ParOldGen       total 285696K, used 192648K [0x00000000a0000000, 0x00000000b1700000, 0x00000000e0000000)
  object space 285696K, 67% used [0x00000000a0000000,0x00000000abc220e0,0x00000000b1700000)
 Metaspace       used 70120K, capacity 72372K, committed 72576K, reserved 1112064K
  class space    used 8963K, capacity 9523K, committed 9600K, reserved 1048576K
}
Event: 115.164 GC heap before
{Heap before GC invocations=29 (full 5):
 PSYoungGen      total 412672K, used 412657K [0x00000000e0000000, 0x0000000100000000, 0x0000000100000000)
  eden space 336384K, 100% used [0x00000000e0000000,0x00000000f4880000,0x00000000f4880000)
  from space 76288K, 99% used [0x00000000f4880000,0x00000000f92fc5f8,0x00000000f9300000)
  to   space 89088K, 0% used [0x00000000fa900000,0x00000000fa900000,0x0000000100000000)
 ParOldGen       total 285696K, used 192698K [0x00000000a0000000, 0x00000000b1700000, 0x00000000e0000000)
  object space 285696K, 67% used [0x00000000a0000000,0x00000000abc2e910,0x00000000b1700000)
 Metaspace       used 70169K, capacity 72436K, committed 72576K, reserved 1112064K
  class space    used 8963K, capacity 9523K, committed 9600K, reserved 1048576K
Event: 115.275 GC heap after
Heap after GC invocations=29 (full 5):
 PSYoungGen      total 397312K, used 89083K [0x00000000e0000000, 0x0000000100000000, 0x0000000100000000)
  eden space 308224K, 0% used [0x00000000e0000000,0x00000000e0000000,0x00000000f2d00000)
  from space 89088K, 99% used [0x00000000fa900000,0x00000000ffffeec0,0x0000000100000000)
  to   space 108032K, 0% used [0x00000000f2d00000,0x00000000f2d00000,0x00000000f9680000)
 ParOldGen       total 285696K, used 203860K [0x00000000a0000000, 0x00000000b1700000, 0x00000000e0000000)
  object space 285696K, 71% used [0x00000000a0000000,0x00000000ac715268,0x00000000b1700000)
 Metaspace       used 70169K, capacity 72436K, committed 72576K, reserved 1112064K
  class space    used 8963K, capacity 9523K, committed 9600K, reserved 1048576K
}
Event: 120.366 GC heap before
{Heap before GC invocations=30 (full 5):
 PSYoungGen      total 397312K, used 397307K [0x00000000e0000000, 0x0000000100000000, 0x0000000100000000)
  eden space 308224K, 100% used [0x00000000e0000000,0x00000000f2d00000,0x00000000f2d00000)
  from space 89088K, 99% used [0x00000000fa900000,0x00000000ffffeec0,0x0000000100000000)
  to   space 108032K, 0% used [0x00000000f2d00000,0x00000000f2d00000,0x00000000f9680000)
 ParOldGen       total 285696K, used 203936K [0x00000000a0000000, 0x00000000b1700000, 0x00000000e0000000)
  object space 285696K, 71% used [0x00000000a0000000,0x00000000ac728398,0x00000000b1700000)
 Metaspace       used 70282K, capacity 72564K, committed 72832K, reserved 1112064K
  class space    used 8963K, capacity 9523K, committed 9600K, reserved 1048576K
Event: 120.549 GC heap after
Heap after GC invocations=30 (full 5):
 PSYoungGen      total 414720K, used 105999K [0x00000000e0000000, 0x0000000100000000, 0x0000000100000000)
  eden space 308224K, 0% used [0x00000000e0000000,0x00000000e0000000,0x00000000f2d00000)
  from space 106496K, 99% used [0x00000000f2d00000,0x00000000f9483cb0,0x00000000f9500000)
  to   space 109568K, 0% used [0x00000000f9500000,0x00000000f9500000,0x0000000100000000)
 ParOldGen       total 285696K, used 275587K [0x00000000a0000000, 0x00000000b1700000, 0x00000000e0000000)
  object space 285696K, 96% used [0x00000000a0000000,0x00000000b0d20d80,0x00000000b1700000)
 Metaspace       used 70282K, capacity 72564K, committed 72832K, reserved 1112064K
  class space    used 8963K, capacity 9523K, committed 9600K, reserved 1048576K
}
Event: 120.550 GC heap before
{Heap before GC invocations=31 (full 6):
 PSYoungGen      total 414720K, used 105999K [0x00000000e0000000, 0x0000000100000000, 0x0000000100000000)
  eden space 308224K, 0% used [0x00000000e0000000,0x00000000e0000000,0x00000000f2d00000)
  from space 106496K, 99% used [0x00000000f2d00000,0x00000000f9483cb0,0x00000000f9500000)
  to   space 109568K, 0% used [0x00000000f9500000,0x00000000f9500000,0x0000000100000000)
 ParOldGen       total 285696K, used 275587K [0x00000000a0000000, 0x00000000b1700000, 0x00000000e0000000)
  object space 285696K, 96% used [0x00000000a0000000,0x00000000b0d20d80,0x00000000b1700000)
 Metaspace       used 70282K, capacity 72564K, committed 72832K, reserved 1112064K
  class space    used 8963K, capacity 9523K, committed 9600K, reserved 1048576K
Event: 121.582 GC heap after
Heap after GC invocations=31 (full 6):
 PSYoungGen      total 414720K, used 0K [0x00000000e0000000, 0x0000000100000000, 0x0000000100000000)
  eden space 308224K, 0% used [0x00000000e0000000,0x00000000e0000000,0x00000000f2d00000)
  from space 106496K, 0% used [0x00000000f2d00000,0x00000000f2d00000,0x00000000f9500000)
  to   space 109568K, 0% used [0x00000000f9500000,0x00000000f9500000,0x0000000100000000)
 ParOldGen       total 436224K, used 163350K [0x00000000a0000000, 0x00000000baa00000, 0x00000000e0000000)
  object space 436224K, 37% used [0x00000000a0000000,0x00000000a9f85bf0,0x00000000baa00000)
 Metaspace       used 70282K, capacity 72564K, committed 72832K, reserved 1112064K
  class space    used 8963K, capacity 9523K, committed 9600K, reserved 1048576K
}

